[debug] [2017-10-19T14:52:18.763Z] ----------------------------------------------------------------------
[debug] [2017-10-19T14:52:18.764Z] Command:       D:\Program Files\nodejs\node.exe C:\Users\JacobSavage\AppData\Roaming\npm\node_modules\firebase-tools\bin\firebase serve
[debug] [2017-10-19T14:52:18.764Z] CLI Version:   3.13.1
[debug] [2017-10-19T14:52:18.764Z] Platform:      win32
[debug] [2017-10-19T14:52:18.764Z] Node Version:  v8.6.0
[debug] [2017-10-19T14:52:18.764Z] Time:          Thu Oct 19 2017 15:52:18 GMT+0100 (GMT Summer Time)
[debug] [2017-10-19T14:52:18.764Z] ----------------------------------------------------------------------
[debug] 
[debug] [2017-10-19T14:52:18.772Z] > command requires scopes: ["email","openid","https://www.googleapis.com/auth/cloudplatformprojects.readonly","https://www.googleapis.com/auth/firebase","https://www.googleapis.com/auth/cloud-platform"]
[debug] [2017-10-19T14:52:18.772Z] > authorizing via signed-in user
[debug] [2017-10-19T14:52:18.774Z] > refreshing access token with scopes: ["email","https://www.googleapis.com/auth/cloud-platform","https://www.googleapis.com/auth/cloudplatformprojects.readonly","https://www.googleapis.com/auth/firebase","openid"]
[debug] [2017-10-19T14:52:18.774Z] >>> HTTP REQUEST POST https://www.googleapis.com/oauth2/v3/token { refresh_token: '1/A5g7TZLnJj2zKOV0h1no_jIMYSDGcUm9YV2Bd4bKNvs',
  client_id: '563584335869-fgrhgmd47bqnekij5i8b5pr03ho849e6.apps.googleusercontent.com',
  client_secret: 'j9iVZfS8kkCEFUPaAeJV0sAi',
  grant_type: 'refresh_token',
  scope: 'email https://www.googleapis.com/auth/cloud-platform https://www.googleapis.com/auth/cloudplatformprojects.readonly https://www.googleapis.com/auth/firebase openid' } 
 Thu Oct 19 2017 15:52:18 GMT+0100 (GMT Summer Time)
[debug] [2017-10-19T14:52:20.814Z] <<< HTTP RESPONSE 200
[debug] [2017-10-19T14:52:20.818Z] >>> HTTP REQUEST GET https://admin.firebase.com/v1/projects/yachtshepherdmoon-47bbf  
 Thu Oct 19 2017 15:52:20 GMT+0100 (GMT Summer Time)
[debug] [2017-10-19T14:52:26.572Z] <<< HTTP RESPONSE 200
[debug] [2017-10-19T14:52:26.572Z] >>> HTTP REQUEST GET https://admin.firebase.com/v1/database/yachtshepherdmoon-47bbf/tokens  
 Thu Oct 19 2017 15:52:26 GMT+0100 (GMT Summer Time)
[debug] [2017-10-19T14:52:30.290Z] <<< HTTP RESPONSE 200
[info] 
[info] === Serving from 'D:\Jacob\Websites\shepherd-moon'...
[info] 
[debug] [2017-10-19T14:52:30.293Z] >>> HTTP REQUEST GET https://cloudresourcemanager.googleapis.com/v1/projects/yachtshepherdmoon-47bbf  
 Thu Oct 19 2017 15:52:30 GMT+0100 (GMT Summer Time)
[debug] [2017-10-19T14:52:36.275Z] <<< HTTP RESPONSE 200
[debug] [2017-10-19T14:52:36.275Z] >>> HTTP REQUEST GET https://mobilesdk-pa.googleapis.com/v1/projects/351279401584/clients/_:getWebAppConfig  
 Thu Oct 19 2017 15:52:36 GMT+0100 (GMT Summer Time)
[debug] [2017-10-19T14:52:52.374Z] <<< HTTP RESPONSE 200
[info] i  hosting: Serving hosting files from: public
[info] +  hosting: Local server: http://localhost:5000

